This file contains any messages produced by compilers while
running configure, to aid debugging if configure makes a mistake.

It was created by configure, which was
generated by GNU Autoconf 2.61.  Invocation command line was

  $ ./configure 

## --------- ##
## Platform. ##
## --------- ##

hostname = thechad
uname -m = i686
uname -r = 2.6.18-5-686
uname -s = Linux
uname -v = #1 SMP Mon Dec 24 16:41:07 UTC 2007

/usr/bin/uname -p = unknown
/bin/uname -X     = unknown

/bin/arch              = i686
/usr/bin/arch -k       = unknown
/usr/convex/getsysinfo = unknown
/usr/bin/hostinfo      = unknown
/bin/machine           = unknown
/usr/bin/oslevel       = unknown
/bin/universe          = unknown

PATH: /bin
PATH: /usr/bin
PATH: /soft/intel/java/bin
PATH: /bin
PATH: /usr/bin
PATH: /soft/intel/java/bin
PATH: /usr/local/bin
PATH: /usr/bin
PATH: /bin
PATH: /usr/bin/X11
PATH: /usr/games
PATH: .
PATH: /scratch/eclipse
PATH: .
PATH: /scratch/eclipse


## ----------- ##
## Core tests. ##
## ----------- ##

configure:1998: checking for a BSD-compatible install
configure:2054: result: /usr/bin/install -c
configure:2065: checking whether build environment is sane
configure:2108: result: yes
configure:2136: checking for a thread-safe mkdir -p
configure:2175: result: /bin/mkdir -p
configure:2188: checking for gawk
configure:2218: result: no
configure:2188: checking for mawk
configure:2204: found /usr/bin/mawk
configure:2215: result: mawk
configure:2226: checking whether make sets $(MAKE)
configure:2247: result: yes
configure:2452: checking operating system 
configure:2461: checking build system type
configure:2479: result: i686-pc-linux-gnu
configure:2501: checking host system type
configure:2516: result: i686-pc-linux-gnu
configure:2543: result: Building on linux-gnu kernel 2.6
configure:2558: checking for gawk
configure:2585: result: mawk
configure:2654: checking for g++
configure:2670: found /usr/bin/g++
configure:2681: result: g++
configure:2712: checking for C++ compiler version
configure:2719: g++ --version >&5
g++ (GCC) 4.1.2 20061115 (prerelease) (Debian 4.1.1-21)
Copyright (C) 2006 Free Software Foundation, Inc.
This is free software; see the source for copying conditions.  There is NO
warranty; not even for MERCHANTABILITY or FITNESS FOR A PARTICULAR PURPOSE.

configure:2722: $? = 0
configure:2729: g++ -v >&5
Using built-in specs.
Target: i486-linux-gnu
Configured with: ../src/configure -v --enable-languages=c,c++,fortran,objc,obj-c++,treelang --prefix=/usr --enable-shared --with-system-zlib --libexecdir=/usr/lib --without-included-gettext --enable-threads=posix --enable-nls --program-suffix=-4.1 --enable-__cxa_atexit --enable-clocale=gnu --enable-libstdcxx-debug --enable-mpfr --with-tune=i686 --enable-checking=release i486-linux-gnu
Thread model: posix
gcc version 4.1.2 20061115 (prerelease) (Debian 4.1.1-21)
configure:2732: $? = 0
configure:2739: g++ -V >&5
g++: '-V' option must have argument
configure:2742: $? = 1
configure:2765: checking for C++ compiler default output file name
configure:2792: g++    conftest.cpp  >&5
configure:2795: $? = 0
configure:2833: result: a.out
configure:2850: checking whether the C++ compiler works
configure:2860: ./a.out
configure:2863: $? = 0
configure:2880: result: yes
configure:2887: checking whether we are cross compiling
configure:2889: result: no
configure:2892: checking for suffix of executables
configure:2899: g++ -o conftest    conftest.cpp  >&5
configure:2902: $? = 0
configure:2926: result: 
configure:2932: checking for suffix of object files
configure:2958: g++ -c   conftest.cpp >&5
configure:2961: $? = 0
configure:2984: result: o
configure:2988: checking whether we are using the GNU C++ compiler
configure:3017: g++ -c   conftest.cpp >&5
configure:3023: $? = 0
configure:3040: result: yes
configure:3045: checking whether g++ accepts -g
configure:3075: g++ -c -g  conftest.cpp >&5
configure:3081: $? = 0
configure:3180: result: yes
configure:3214: checking for style of include used by make
configure:3242: result: GNU
configure:3267: checking dependency style of g++
configure:3358: result: gcc3
configure:3421: checking for gcc
configure:3437: found /usr/bin/gcc
configure:3448: result: gcc
configure:3686: checking for C compiler version
configure:3693: gcc --version >&5
gcc (GCC) 4.1.2 20061115 (prerelease) (Debian 4.1.1-21)
Copyright (C) 2006 Free Software Foundation, Inc.
This is free software; see the source for copying conditions.  There is NO
warranty; not even for MERCHANTABILITY or FITNESS FOR A PARTICULAR PURPOSE.

configure:3696: $? = 0
configure:3703: gcc -v >&5
Using built-in specs.
Target: i486-linux-gnu
Configured with: ../src/configure -v --enable-languages=c,c++,fortran,objc,obj-c++,treelang --prefix=/usr --enable-shared --with-system-zlib --libexecdir=/usr/lib --without-included-gettext --enable-threads=posix --enable-nls --program-suffix=-4.1 --enable-__cxa_atexit --enable-clocale=gnu --enable-libstdcxx-debug --enable-mpfr --with-tune=i686 --enable-checking=release i486-linux-gnu
Thread model: posix
gcc version 4.1.2 20061115 (prerelease) (Debian 4.1.1-21)
configure:3706: $? = 0
configure:3713: gcc -V >&5
gcc: '-V' option must have argument
configure:3716: $? = 1
configure:3719: checking whether we are using the GNU C compiler
configure:3748: gcc -c   conftest.c >&5
configure:3754: $? = 0
configure:3771: result: yes
configure:3776: checking whether gcc accepts -g
configure:3806: gcc -c -g  conftest.c >&5
configure:3812: $? = 0
configure:3911: result: yes
configure:3928: checking for gcc option to accept ISO C89
configure:4002: gcc  -c -g -O2  conftest.c >&5
configure:4008: $? = 0
configure:4031: result: none needed
configure:4051: checking dependency style of gcc
configure:4142: result: gcc3
configure:4162: checking how to run the C preprocessor
configure:4202: gcc -E  conftest.c
configure:4208: $? = 0
configure:4239: gcc -E  conftest.c
conftest.c:10:28: error: ac_nonexistent.h: No such file or directory
configure:4245: $? = 1
configure: failed program was:
| /* confdefs.h.  */
| #define PACKAGE_NAME ""
| #define PACKAGE_TARNAME ""
| #define PACKAGE_VERSION ""
| #define PACKAGE_STRING ""
| #define PACKAGE_BUGREPORT ""
| #define PACKAGE "ccusbReadout"
| #define VERSION "1.0"
| /* end confdefs.h.  */
| #include <ac_nonexistent.h>
configure:4278: result: gcc -E
configure:4307: gcc -E  conftest.c
configure:4313: $? = 0
configure:4344: gcc -E  conftest.c
conftest.c:10:28: error: ac_nonexistent.h: No such file or directory
configure:4350: $? = 1
configure: failed program was:
| /* confdefs.h.  */
| #define PACKAGE_NAME ""
| #define PACKAGE_TARNAME ""
| #define PACKAGE_VERSION ""
| #define PACKAGE_STRING ""
| #define PACKAGE_BUGREPORT ""
| #define PACKAGE "ccusbReadout"
| #define VERSION "1.0"
| /* end confdefs.h.  */
| #include <ac_nonexistent.h>
configure:4400: checking for a BSD-compatible install
configure:4456: result: /usr/bin/install -c
configure:4467: checking whether ln -s works
configure:4471: result: yes
configure:4550: checking for a sed that does not truncate output
configure:4604: result: /bin/sed
configure:4607: checking for grep that handles long lines and -e
configure:4681: result: /bin/grep
configure:4686: checking for egrep
configure:4764: result: /bin/grep -E
configure:4780: checking for ld used by gcc
configure:4847: result: /usr/bin/ld
configure:4856: checking if the linker (/usr/bin/ld) is GNU ld
configure:4871: result: yes
configure:4876: checking for /usr/bin/ld option to reload object files
configure:4883: result: -r
configure:4901: checking for BSD-compatible nm
configure:4950: result: /usr/bin/nm -B
configure:4954: checking how to recognise dependent libraries
configure:5130: result: pass_all
configure:5360: checking for ANSI C header files
configure:5390: gcc -c -g -O2  conftest.c >&5
configure:5396: $? = 0
configure:5495: gcc -o conftest -g -O2   conftest.c  >&5
configure:5498: $? = 0
configure:5504: ./conftest
configure:5507: $? = 0
configure:5524: result: yes
configure:5548: checking for sys/types.h
configure:5569: gcc -c -g -O2  conftest.c >&5
configure:5575: $? = 0
configure:5591: result: yes
configure:5548: checking for sys/stat.h
configure:5569: gcc -c -g -O2  conftest.c >&5
configure:5575: $? = 0
configure:5591: result: yes
configure:5548: checking for stdlib.h
configure:5569: gcc -c -g -O2  conftest.c >&5
configure:5575: $? = 0
configure:5591: result: yes
configure:5548: checking for string.h
configure:5569: gcc -c -g -O2  conftest.c >&5
configure:5575: $? = 0
configure:5591: result: yes
configure:5548: checking for memory.h
configure:5569: gcc -c -g -O2  conftest.c >&5
configure:5575: $? = 0
configure:5591: result: yes
configure:5548: checking for strings.h
configure:5569: gcc -c -g -O2  conftest.c >&5
configure:5575: $? = 0
configure:5591: result: yes
configure:5548: checking for inttypes.h
configure:5569: gcc -c -g -O2  conftest.c >&5
configure:5575: $? = 0
configure:5591: result: yes
configure:5548: checking for stdint.h
configure:5569: gcc -c -g -O2  conftest.c >&5
configure:5575: $? = 0
configure:5591: result: yes
configure:5548: checking for unistd.h
configure:5569: gcc -c -g -O2  conftest.c >&5
configure:5575: $? = 0
configure:5591: result: yes
configure:5618: checking dlfcn.h usability
configure:5635: gcc -c -g -O2  conftest.c >&5
configure:5641: $? = 0
configure:5655: result: yes
configure:5659: checking dlfcn.h presence
configure:5674: gcc -E  conftest.c
configure:5680: $? = 0
configure:5694: result: yes
configure:5722: checking for dlfcn.h
configure:5730: result: yes
configure:5753: checking how to run the C++ preprocessor
configure:5789: g++ -E  conftest.cpp
configure:5795: $? = 0
configure:5826: g++ -E  conftest.cpp
conftest.cpp:21:28: error: ac_nonexistent.h: No such file or directory
configure:5832: $? = 1
configure: failed program was:
| /* confdefs.h.  */
| #define PACKAGE_NAME ""
| #define PACKAGE_TARNAME ""
| #define PACKAGE_VERSION ""
| #define PACKAGE_STRING ""
| #define PACKAGE_BUGREPORT ""
| #define PACKAGE "ccusbReadout"
| #define VERSION "1.0"
| #define STDC_HEADERS 1
| #define HAVE_SYS_TYPES_H 1
| #define HAVE_SYS_STAT_H 1
| #define HAVE_STDLIB_H 1
| #define HAVE_STRING_H 1
| #define HAVE_MEMORY_H 1
| #define HAVE_STRINGS_H 1
| #define HAVE_INTTYPES_H 1
| #define HAVE_STDINT_H 1
| #define HAVE_UNISTD_H 1
| #define HAVE_DLFCN_H 1
| /* end confdefs.h.  */
| #include <ac_nonexistent.h>
configure:5865: result: g++ -E
configure:5894: g++ -E  conftest.cpp
configure:5900: $? = 0
configure:5931: g++ -E  conftest.cpp
conftest.cpp:21:28: error: ac_nonexistent.h: No such file or directory
configure:5937: $? = 1
configure: failed program was:
| /* confdefs.h.  */
| #define PACKAGE_NAME ""
| #define PACKAGE_TARNAME ""
| #define PACKAGE_VERSION ""
| #define PACKAGE_STRING ""
| #define PACKAGE_BUGREPORT ""
| #define PACKAGE "ccusbReadout"
| #define VERSION "1.0"
| #define STDC_HEADERS 1
| #define HAVE_SYS_TYPES_H 1
| #define HAVE_SYS_STAT_H 1
| #define HAVE_STDLIB_H 1
| #define HAVE_STRING_H 1
| #define HAVE_MEMORY_H 1
| #define HAVE_STRINGS_H 1
| #define HAVE_INTTYPES_H 1
| #define HAVE_STDINT_H 1
| #define HAVE_UNISTD_H 1
| #define HAVE_DLFCN_H 1
| /* end confdefs.h.  */
| #include <ac_nonexistent.h>
configure:6030: checking for g77
configure:6046: found /usr/bin/g77
configure:6057: result: g77
configure:6087: checking for Fortran 77 compiler version
configure:6094: g77 --version >&5
GNU Fortran (GCC) 3.4.6 (Debian 3.4.6-5)
Copyright (C) 2006 Free Software Foundation, Inc.

GNU Fortran comes with NO WARRANTY, to the extent permitted by law.
You may redistribute copies of GNU Fortran
under the terms of the GNU General Public License.
For more information about these matters, see the file named COPYING
or type the command `info -f g77 Copying'.
configure:6097: $? = 0
configure:6104: g77 -v >&5
Reading specs from /usr/lib/gcc/i486-linux-gnu/3.4.6/specs
Configured with: ../src/configure -v --enable-languages=c,c++,f77,pascal --prefix=/usr --libexecdir=/usr/lib --with-gxx-include-dir=/usr/include/c++/3.4 --enable-shared --with-system-zlib --enable-nls --without-included-gettext --program-suffix=-3.4 --enable-__cxa_atexit --enable-clocale=gnu --enable-libstdcxx-debug --with-tune=i686 i486-linux-gnu
Thread model: posix
gcc version 3.4.6 (Debian 3.4.6-5)
configure:6107: $? = 0
configure:6114: g77 -V >&5
g77: `-V' option must have argument
configure:6117: $? = 1
configure:6125: checking whether we are using the GNU Fortran 77 compiler
configure:6144: g77 -c  conftest.F >&5
configure:6150: $? = 0
configure:6167: result: yes
configure:6173: checking whether g77 accepts -g
configure:6190: g77 -c -g conftest.f >&5
configure:6196: $? = 0
configure:6212: result: yes
configure:6242: checking the maximum length of command line arguments
configure:6351: result: 32768
configure:6362: checking command to parse /usr/bin/nm -B output from gcc object
configure:6467: gcc -c -g -O2  conftest.c >&5
configure:6470: $? = 0
configure:6474: /usr/bin/nm -B conftest.o \| sed -n -e 's/^.*[ 	]\([ABCDGIRSTW][ABCDGIRSTW]*\)[ 	][ 	]*\([_A-Za-z][_A-Za-z0-9]*\)$/\1 \2 \2/p' \> conftest.nm
configure:6477: $? = 0
configure:6529: gcc -o conftest -g -O2   conftest.c conftstm.o >&5
configure:6532: $? = 0
configure:6570: result: ok
configure:6574: checking for objdir
configure:6589: result: .libs
configure:6681: checking for ar
configure:6697: found /usr/bin/ar
configure:6708: result: ar
configure:6777: checking for ranlib
configure:6793: found /usr/bin/ranlib
configure:6804: result: ranlib
configure:6873: checking for strip
configure:6889: found /usr/bin/strip
configure:6900: result: strip
configure:7186: checking if gcc supports -fno-rtti -fno-exceptions
configure:7204: gcc -c -g -O2  -fno-rtti -fno-exceptions conftest.c >&5
cc1: warning: command line option "-fno-rtti" is valid for C++/ObjC++ but not for C
configure:7208: $? = 0
configure:7221: result: no
configure:7236: checking for gcc option to produce PIC
configure:7446: result: -fPIC
configure:7454: checking if gcc PIC flag -fPIC works
configure:7472: gcc -c -g -O2  -fPIC -DPIC conftest.c >&5
configure:7476: $? = 0
configure:7489: result: yes
configure:7517: checking if gcc static flag -static works
configure:7545: result: yes
configure:7555: checking if gcc supports -c -o file.o
configure:7576: gcc -c -g -O2  -o out/conftest2.o conftest.c >&5
configure:7580: $? = 0
configure:7602: result: yes
configure:7628: checking whether the gcc linker (/usr/bin/ld) supports shared libraries
configure:8583: result: yes
configure:8604: checking whether -lc should be explicitly linked in
configure:8609: gcc -c -g -O2  conftest.c >&5
configure:8612: $? = 0
configure:8627: gcc -shared conftest.o  -v -Wl,-soname -Wl,conftest -o conftest 2\>\&1 \| grep  -lc  \>/dev/null 2\>\&1
configure:8630: $? = 0
configure:8642: result: no
configure:8650: checking dynamic linker characteristics
configure:9226: result: GNU/Linux ld.so
configure:9235: checking how to hardcode library paths into programs
configure:9260: result: immediate
configure:9274: checking whether stripping libraries is possible
configure:9279: result: yes
configure:10080: checking if libtool supports shared libraries
configure:10082: result: yes
configure:10085: checking whether to build shared libraries
configure:10106: result: yes
configure:10109: checking whether to build static libraries
configure:10113: result: yes
configure:10205: creating libtool
configure:10793: checking for ld used by g++
configure:10860: result: /usr/bin/ld
configure:10869: checking if the linker (/usr/bin/ld) is GNU ld
configure:10884: result: yes
configure:10935: checking whether the g++ linker (/usr/bin/ld) supports shared libraries
configure:11869: result: yes
configure:11887: g++ -c -g -O2  conftest.cpp >&5
configure:11890: $? = 0
configure:12009: checking for g++ option to produce PIC
configure:12283: result: -fPIC
configure:12291: checking if g++ PIC flag -fPIC works
configure:12309: g++ -c -g -O2  -fPIC -DPIC conftest.cpp >&5
configure:12313: $? = 0
configure:12326: result: yes
configure:12354: checking if g++ static flag -static works
configure:12382: result: yes
configure:12392: checking if g++ supports -c -o file.o
configure:12413: g++ -c -g -O2  -o out/conftest2.o conftest.cpp >&5
configure:12417: $? = 0
configure:12439: result: yes
configure:12465: checking whether the g++ linker (/usr/bin/ld) supports shared libraries
configure:12493: result: yes
configure:12560: checking dynamic linker characteristics
configure:13136: result: GNU/Linux ld.so
configure:13145: checking how to hardcode library paths into programs
configure:13170: result: immediate
configure:13696: checking if libtool supports shared libraries
configure:13698: result: yes
configure:13701: checking whether to build shared libraries
configure:13721: result: yes
configure:13724: checking whether to build static libraries
configure:13728: result: yes
configure:13738: checking for g77 option to produce PIC
configure:13948: result: -fPIC
configure:13956: checking if g77 PIC flag -fPIC works
configure:13974: g77 -c -g -O2 -fPIC conftest.f >&5
configure:13978: $? = 0
configure:13991: result: yes
configure:14019: checking if g77 static flag -static works
configure:14047: result: yes
configure:14057: checking if g77 supports -c -o file.o
configure:14078: g77 -c -g -O2 -o out/conftest2.o conftest.f >&5
configure:14082: $? = 0
configure:14104: result: yes
configure:14130: checking whether the g77 linker (/usr/bin/ld) supports shared libraries
configure:15065: result: yes
configure:15132: checking dynamic linker characteristics
configure:15708: result: GNU/Linux ld.so
configure:15717: checking how to hardcode library paths into programs
configure:15742: result: immediate
configure:19331: checking for ranlib
configure:19358: result: ranlib
configure:19386: checking for doxygen
configure:19404: found /usr/bin/doxygen
configure:19417: result: /usr/bin/doxygen
configure:19428: checking whether ln -s works
configure:19432: result: yes
configure:19441: checking for docbook2dvi
configure:19459: found /usr/bin/docbook2dvi
configure:19472: result: /usr/bin/docbook2dvi
configure:19482: checking for docbook2html
configure:19500: found /usr/bin/docbook2html
configure:19513: result: /usr/bin/docbook2html
configure:19523: checking for dvipdf
configure:19541: found /usr/bin/dvipdf
configure:19554: result: /usr/bin/dvipdf
configure:19564: checking for xmlto
configure:19582: found /usr/bin/xmlto
configure:19595: result: /usr/bin/xmlto
configure:19611: checking for mandb
configure:19629: found /usr/bin/mandb
configure:19642: result: /usr/bin/mandb
configure:19652: checking for hyperlatex
configure:19670: found /usr/bin/hyperlatex
configure:19683: result: /usr/bin/hyperlatex
configure:19693: checking for latex
configure:19709: found /usr/bin/latex
configure:19721: result: yes
configure:19731: checking for dvips
configure:19747: found /usr/bin/dvips
configure:19759: result: yes
configure:19769: checking for kpsewhich
configure:19785: found /usr/bin/kpsewhich
configure:19797: result: yes
configure:19807: checking whether gcc needs -traditional
configure:19849: result: no
configure:19856: checking for inline
configure:19882: gcc -c -g -O2  conftest.c >&5
configure:19888: $? = 0
configure:19906: result: inline
configure:19928: checking for ANSI C header files
configure:20092: result: yes
configure:20108: checking for stdint.h
configure:20114: result: yes
configure:20108: checking for string.h
configure:20114: result: yes
configure:20243: checking for stdbool.h that conforms to C99
configure:20336: gcc -c -g -O2  conftest.c >&5
configure:20342: $? = 0
configure:20357: result: yes
configure:20359: checking for _Bool
configure:20389: gcc -c -g -O2  conftest.c >&5
configure:20395: $? = 0
configure:20410: result: yes
configure:20431: checking for an ANSI C-conforming const
configure:20506: gcc -c -g -O2  conftest.c >&5
configure:20512: $? = 0
configure:20527: result: yes
configure:20537: checking for off_t
configure:20567: gcc -c -g -O2  conftest.c >&5
configure:20573: $? = 0
configure:20588: result: yes
configure:20600: checking for size_t
configure:20630: gcc -c -g -O2  conftest.c >&5
configure:20636: $? = 0
configure:20651: result: yes
configure:20670: checking for strerror
configure:20726: gcc -o conftest -g -O2   conftest.c  >&5
configure:20732: $? = 0
configure:20750: result: yes
configure:20764: checking for strtol
configure:20820: gcc -o conftest -g -O2   conftest.c  >&5
configure:20826: $? = 0
configure:20844: result: yes
configure:20858: checking for strtoul
configure:20914: gcc -o conftest -g -O2   conftest.c  >&5
configure:20920: $? = 0
configure:20938: result: yes
configure:20970: checking iostream usability
configure:20987: g++ -c -g -O2  conftest.cpp >&5
configure:20993: $? = 0
configure:21007: result: yes
configure:21011: checking iostream presence
configure:21026: g++ -E  conftest.cpp
configure:21032: $? = 0
configure:21046: result: yes
configure:21074: checking for iostream
configure:21081: result: yes
configure:21104: checking istream usability
configure:21121: g++ -c -g -O2  conftest.cpp >&5
configure:21127: $? = 0
configure:21141: result: yes
configure:21145: checking istream presence
configure:21160: g++ -E  conftest.cpp
configure:21166: $? = 0
configure:21180: result: yes
configure:21208: checking for istream
configure:21215: result: yes
configure:21238: checking ostream usability
configure:21255: g++ -c -g -O2  conftest.cpp >&5
configure:21261: $? = 0
configure:21275: result: yes
configure:21279: checking ostream presence
configure:21294: g++ -E  conftest.cpp
configure:21300: $? = 0
configure:21314: result: yes
configure:21342: checking for ostream
configure:21349: result: yes
configure:21372: checking streambuf usability
configure:21389: g++ -c -g -O2  conftest.cpp >&5
configure:21395: $? = 0
configure:21409: result: yes
configure:21413: checking streambuf presence
configure:21428: g++ -E  conftest.cpp
configure:21434: $? = 0
configure:21448: result: yes
configure:21476: checking for streambuf
configure:21483: result: yes
configure:21506: checking fstream usability
configure:21523: g++ -c -g -O2  conftest.cpp >&5
configure:21529: $? = 0
configure:21543: result: yes
configure:21547: checking fstream presence
configure:21562: g++ -E  conftest.cpp
configure:21568: $? = 0
configure:21582: result: yes
configure:21610: checking for fstream
configure:21617: result: yes
configure:21640: checking iomanip usability
configure:21657: g++ -c -g -O2  conftest.cpp >&5
configure:21663: $? = 0
configure:21677: result: yes
configure:21681: checking iomanip presence
configure:21696: g++ -E  conftest.cpp
configure:21702: $? = 0
configure:21716: result: yes
configure:21744: checking for iomanip
configure:21751: result: yes
configure:21774: checking sstream usability
configure:21791: g++ -c -g -O2  conftest.cpp >&5
configure:21797: $? = 0
configure:21811: result: yes
configure:21815: checking sstream presence
configure:21830: g++ -E  conftest.cpp
configure:21836: $? = 0
configure:21850: result: yes
configure:21878: checking for sstream
configure:21885: result: yes
configure:21908: checking typeinfo usability
configure:21925: g++ -c -g -O2  conftest.cpp >&5
configure:21931: $? = 0
configure:21945: result: yes
configure:21949: checking typeinfo presence
configure:21964: g++ -E  conftest.cpp
configure:21970: $? = 0
configure:21984: result: yes
configure:22012: checking for typeinfo
configure:22019: result: yes
configure:22046: g++ -c -g -O2  conftest.cpp >&5
configure:22052: $? = 0
configure:22097: checking for cppunit unit testing framework
configure:22115: checking cppunit/Test.h usability
configure:22132: g++ -c -g -O2  conftest.cpp >&5
configure:22138: $? = 0
configure:22152: result: yes
configure:22156: checking cppunit/Test.h presence
configure:22171: g++ -E  conftest.cpp
configure:22177: $? = 0
configure:22191: result: yes
configure:22219: checking for cppunit/Test.h
configure:22227: result: yes
configure:22242: result: yes
configure:22276: checking for libusb headers
configure:22292: checking for /usr/include/usb.h
configure:22308: result: yes
configure:22321: result: found in /usr/include
configure:22329: checking for libusb library
configure:22345: checking for /lib/libusb.a
configure:22361: result: no
configure:22345: checking for /usr/lib/libusb.a
configure:22361: result: yes
configure:22374: result: found in /usr/lib
configure:22397: checking for tcl headers
configure:22414: checking for /usr/include/tcl.h
configure:22429: result: no
configure:22441: checking for /usr/include/tcl/tcl.h
configure:22456: result: yes
configure:22528: result: found in /usr/include/tcl
configure:22549: checking Tcl/Tk library to use
configure:22580: checking for /usr/lib/libtcl.a
configure:22596: result: yes
configure:22646: checking  for spectrodaq-conf 
configure:22662: checking for /opt/spectrodaq/bin/spectrodaq-conf
configure:22677: result: no
configure:22687: checking for /usr/opt/spectrodaq/bin/spectrodaq-conf
configure:22702: result: yes
configure:22718: result:  found in /usr/opt/spectrodaq/bin 
configure:22734: checking spectrodaq has spectrodaq_main() separable
configure:22751: g++ -c -g -O2 -D_REENTRANT=1 -I/usr/opt-new/spectrodaq/include -I/usr/opt-new/spectrodaq/include/nscl -I/usr/opt-new/spectrodaq/include/xmloop  conftest.cpp >&5
configure:22757: $? = 0
configure:22781: result: yes
configure:22800: checking  for nscldaq 
configure:22808: checking for /usr/opt/daq/9.0/include/config.h
configure:22824: result: yes
configure:22836: result: Found in /usr/opt/daq/9.0
configure:23015: creating ./config.status

## ---------------------- ##
## Running config.status. ##
## ---------------------- ##

This file was extended by config.status, which was
generated by GNU Autoconf 2.61.  Invocation command line was

  CONFIG_FILES    = 
  CONFIG_HEADERS  = 
  CONFIG_LINKS    = 
  CONFIG_COMMANDS = 
  $ ./config.status 

on thechad

config.status:691: creating Makefile
config.status:691: creating ccusb/Makefile
config.status:691: creating devices/Makefile
config.status:691: creating threadcomm/Makefile
config.status:691: creating router/Makefile
config.status:691: creating rdothread/Makefile
config.status:691: creating daqconfig/Makefile
config.status:691: creating commands/Makefile
config.status:691: creating config.h
config.status:983: executing depfiles commands

## ---------------- ##
## Cache variables. ##
## ---------------- ##

ac_cv_build=i686-pc-linux-gnu
ac_cv_c_compiler_gnu=yes
ac_cv_c_const=yes
ac_cv_c_inline=inline
ac_cv_cxx_compiler_gnu=yes
ac_cv_env_CCC_set=
ac_cv_env_CCC_value=
ac_cv_env_CC_set=
ac_cv_env_CC_value=
ac_cv_env_CFLAGS_set=
ac_cv_env_CFLAGS_value=
ac_cv_env_CPPFLAGS_set=
ac_cv_env_CPPFLAGS_value=
ac_cv_env_CPP_set=
ac_cv_env_CPP_value=
ac_cv_env_CXXCPP_set=
ac_cv_env_CXXCPP_value=
ac_cv_env_CXXFLAGS_set=
ac_cv_env_CXXFLAGS_value=
ac_cv_env_CXX_set=
ac_cv_env_CXX_value=
ac_cv_env_F77_set=
ac_cv_env_F77_value=
ac_cv_env_FFLAGS_set=
ac_cv_env_FFLAGS_value=
ac_cv_env_LDFLAGS_set=
ac_cv_env_LDFLAGS_value=
ac_cv_env_LIBS_set=
ac_cv_env_LIBS_value=
ac_cv_env_build_alias_set=
ac_cv_env_build_alias_value=
ac_cv_env_host_alias_set=
ac_cv_env_host_alias_value=
ac_cv_env_target_alias_set=
ac_cv_env_target_alias_value=
ac_cv_f77_compiler_gnu=yes
ac_cv_file__lib_libusb_a=no
ac_cv_file__opt_spectrodaq_bin_spectrodaq_conf=no
ac_cv_file__usr_include_tcl_h=no
ac_cv_file__usr_include_tcl_tcl_h=yes
ac_cv_file__usr_include_usb_h=yes
ac_cv_file__usr_lib_libtcl_a=yes
ac_cv_file__usr_lib_libusb_a=yes
ac_cv_file__usr_opt_daq_9_0_include_config_h=yes
ac_cv_file__usr_opt_spectrodaq_bin_spectrodaq_conf=yes
ac_cv_func_strerror=yes
ac_cv_func_strtol=yes
ac_cv_func_strtoul=yes
ac_cv_header_cppunit_Test_h=yes
ac_cv_header_dlfcn_h=yes
ac_cv_header_fstream=yes
ac_cv_header_inttypes_h=yes
ac_cv_header_iomanip=yes
ac_cv_header_iostream=yes
ac_cv_header_istream=yes
ac_cv_header_memory_h=yes
ac_cv_header_ostream=yes
ac_cv_header_sstream=yes
ac_cv_header_stdbool_h=yes
ac_cv_header_stdc=yes
ac_cv_header_stdint_h=yes
ac_cv_header_stdlib_h=yes
ac_cv_header_streambuf=yes
ac_cv_header_string_h=yes
ac_cv_header_strings_h=yes
ac_cv_header_sys_stat_h=yes
ac_cv_header_sys_types_h=yes
ac_cv_header_typeinfo=yes
ac_cv_header_unistd_h=yes
ac_cv_host=i686-pc-linux-gnu
ac_cv_objext=o
ac_cv_path_DOXYGEN=/usr/bin/doxygen
ac_cv_path_DVIPDF=/usr/bin/dvipdf
ac_cv_path_EGREP='/bin/grep -E'
ac_cv_path_GREP=/bin/grep
ac_cv_path_HCDOCBOOK=/usr/bin/docbook2dvi
ac_cv_path_HTMLDOCBOOK=/usr/bin/docbook2html
ac_cv_path_HYPERLATEX=/usr/bin/hyperlatex
ac_cv_path_MANDB=/usr/bin/mandb
ac_cv_path_MANDOCBOOK=/usr/bin/xmlto
ac_cv_path_install='/usr/bin/install -c'
ac_cv_path_mkdir=/bin/mkdir
ac_cv_prog_AWK=mawk
ac_cv_prog_CPP='gcc -E'
ac_cv_prog_CXXCPP='g++ -E'
ac_cv_prog_HAVEDVIPS=yes
ac_cv_prog_HAVEKPATHSEA=yes
ac_cv_prog_HAVELATEX=yes
ac_cv_prog_ac_ct_AR=ar
ac_cv_prog_ac_ct_CC=gcc
ac_cv_prog_ac_ct_CXX=g++
ac_cv_prog_ac_ct_F77=g77
ac_cv_prog_ac_ct_RANLIB=ranlib
ac_cv_prog_ac_ct_STRIP=strip
ac_cv_prog_cc_c89=
ac_cv_prog_cc_g=yes
ac_cv_prog_cxx_g=yes
ac_cv_prog_f77_g=yes
ac_cv_prog_gcc_traditional=no
ac_cv_prog_make_make_set=yes
ac_cv_type__Bool=yes
ac_cv_type_off_t=yes
ac_cv_type_size_t=yes
am_cv_CC_dependencies_compiler_type=gcc3
am_cv_CXX_dependencies_compiler_type=gcc3
lt_cv_deplibs_check_method=pass_all
lt_cv_file_magic_cmd='$MAGIC_CMD'
lt_cv_file_magic_test_file=
lt_cv_ld_reload_flag=-r
lt_cv_objdir=.libs
lt_cv_path_LD=/usr/bin/ld
lt_cv_path_LDCXX=/usr/bin/ld
lt_cv_path_NM='/usr/bin/nm -B'
lt_cv_path_SED=/bin/sed
lt_cv_prog_compiler_c_o=yes
lt_cv_prog_compiler_c_o_CXX=yes
lt_cv_prog_compiler_c_o_F77=yes
lt_cv_prog_compiler_rtti_exceptions=no
lt_cv_prog_gnu_ld=yes
lt_cv_prog_gnu_ldcxx=yes
lt_cv_sys_global_symbol_pipe='sed -n -e '\''s/^.*[ 	]\([ABCDGIRSTW][ABCDGIRSTW]*\)[ 	][ 	]*\([_A-Za-z][_A-Za-z0-9]*\)$/\1 \2 \2/p'\'''
lt_cv_sys_global_symbol_to_c_name_address='sed -n -e '\''s/^: \([^ ]*\) $/  {\"\1\", (lt_ptr) 0},/p'\'' -e '\''s/^[BCDEGRST] \([^ ]*\) \([^ ]*\)$/  {"\2", (lt_ptr) \&\2},/p'\'''
lt_cv_sys_global_symbol_to_cdecl='sed -n -e '\''s/^. .* \(.*\)$/extern int \1;/p'\'''
lt_cv_sys_max_cmd_len=32768
lt_lt_cv_prog_compiler_c_o='"yes"'
lt_lt_cv_prog_compiler_c_o_CXX='"yes"'
lt_lt_cv_prog_compiler_c_o_F77='"yes"'
lt_lt_cv_sys_global_symbol_pipe='"sed -n -e '\''s/^.*[ 	]\\([ABCDGIRSTW][ABCDGIRSTW]*\\)[ 	][ 	]*\\([_A-Za-z][_A-Za-z0-9]*\\)\$/\\1 \\2 \\2/p'\''"'
lt_lt_cv_sys_global_symbol_to_c_name_address='"sed -n -e '\''s/^: \\([^ ]*\\) \$/  {\\\"\\1\\\", (lt_ptr) 0},/p'\'' -e '\''s/^[BCDEGRST] \\([^ ]*\\) \\([^ ]*\\)\$/  {\"\\2\", (lt_ptr) \\&\\2},/p'\''"'
lt_lt_cv_sys_global_symbol_to_cdecl='"sed -n -e '\''s/^. .* \\(.*\\)\$/extern int \\1;/p'\''"'

## ----------------- ##
## Output variables. ##
## ----------------- ##

ACLOCAL='${SHELL} /user/fox/Wincluster/Personal/umassLowell/code/ccusbReadout/config/missing --run aclocal-1.10'
AMDEPBACKSLASH='\'
AMDEP_FALSE='#'
AMDEP_TRUE=''
AMTAR='${SHELL} /user/fox/Wincluster/Personal/umassLowell/code/ccusbReadout/config/missing --run tar'
AR='ar'
AUTOCONF='${SHELL} /user/fox/Wincluster/Personal/umassLowell/code/ccusbReadout/config/missing --run autoconf'
AUTOHEADER='${SHELL} /user/fox/Wincluster/Personal/umassLowell/code/ccusbReadout/config/missing --run autoheader'
AUTOMAKE='${SHELL} /user/fox/Wincluster/Personal/umassLowell/code/ccusbReadout/config/missing --run automake-1.10'
AWK='mawk'
CC='gcc'
CCDEPMODE='depmode=gcc3'
CFLAGS='-g -O2'
CPP='gcc -E'
CPPFLAGS=''
CPPUNIT_INCLUDES=''
CPPUNIT_LDFLAGS='-lcppunit -ldl'
CXX='g++'
CXXCPP='g++ -E'
CXXDEPMODE='depmode=gcc3'
CXXFLAGS='-g -O2'
CYGPATH_W='echo'
DEFS='-DHAVE_CONFIG_H'
DEPDIR='.deps'
DOXYGEN='/usr/bin/doxygen'
DVIPDF='/usr/bin/dvipdf'
DVIPS=''
ECHO='echo'
ECHO_C=''
ECHO_N='-n'
ECHO_T=''
EGREP='/bin/grep -E'
EXEEXT=''
F77='g77'
FFLAGS='-g -O2'
GREP='/bin/grep'
HAVEDVIPS='yes'
HAVEKPATHSEA='yes'
HAVELATEX='yes'
HCDOCBOOK='/usr/bin/docbook2dvi'
HTMLDOCBOOK='/usr/bin/docbook2html'
HYPERLATEX='/usr/bin/hyperlatex'
INSTALL_DATA='${INSTALL} -m 644'
INSTALL_PROGRAM='${INSTALL}'
INSTALL_SCRIPT='${INSTALL}'
INSTALL_STRIP_PROGRAM='$(install_sh) -c -s'
LATEX=''
LDFLAGS=''
LIBOBJS=''
LIBS=''
LIBTOOL='$(SHELL) $(top_builddir)/libtool'
LN_S='ln -s'
LTLIBOBJS=''
MAKEINFO='${SHELL} /user/fox/Wincluster/Personal/umassLowell/code/ccusbReadout/config/missing --run makeinfo'
MANDB='/usr/bin/mandb'
MANDOCBOOK='/usr/bin/xmlto'
NSCLDAQ_FLAGS='-I/usr/opt/daq/9.0/include'
NSCLDAQ_LIB='-L/usr/opt/daq/9.0/lib'
OBJEXT='o'
PACKAGE='ccusbReadout'
PACKAGE_BUGREPORT=''
PACKAGE_NAME=''
PACKAGE_STRING=''
PACKAGE_TARNAME=''
PACKAGE_VERSION=''
PATH_SEPARATOR=':'
RANLIB='ranlib'
SET_MAKE=''
SHELL='/bin/sh'
SOVERSION='1:0'
SPECTRODAQ_FLAGS='-D_REENTRANT=1 -I/usr/opt-new/spectrodaq/include -I/usr/opt-new/spectrodaq/include/nscl -I/usr/opt-new/spectrodaq/include/xmloop'
SPECTRODAQ_LDFLAGS='-L/usr/opt-new/spectrodaq/lib -lspectrodaq -ldaqclient -lnetio -ldaqthreads -lxmloop -lxmlparse -lxmltok -lpthread -lcrypt -L/usr/opt-new/spectrodaq/lib -lNSCLException'
STRIP='strip'
TCL_FLAGS='-I/usr/include/tcl'
TCL_LDFLAGS='-L/usr/lib  -ltcl -ltk'
USBSWITCHES='-I/usr/include'
USB_LIBS='-L/usr/lib -lusb'
VERSION='1.0'
ac_ct_CC='gcc'
ac_ct_CXX='g++'
ac_ct_F77='g77'
am__fastdepCC_FALSE='#'
am__fastdepCC_TRUE=''
am__fastdepCXX_FALSE='#'
am__fastdepCXX_TRUE=''
am__include='include'
am__isrc=''
am__leading_dot='.'
am__quote=''
am__tar='${AMTAR} chof - "$$tardir"'
am__untar='${AMTAR} xf -'
bindir='${exec_prefix}/bin'
build='i686-pc-linux-gnu'
build_alias=''
build_cpu='i686'
build_os='linux-gnu'
build_vendor='pc'
datadir='${datarootdir}'
datarootdir='${prefix}/share'
docdir='${datarootdir}/doc/${PACKAGE}'
dvidir='${docdir}'
exec_prefix='${prefix}'
host='i686-pc-linux-gnu'
host_alias=''
host_cpu='i686'
host_os='linux-gnu'
host_vendor='pc'
htmldir='${docdir}'
includedir='${prefix}/include'
infodir='${datarootdir}/info'
install_sh='$(SHELL) /user/fox/Wincluster/Personal/umassLowell/code/ccusbReadout/config/install-sh'
libdir='${exec_prefix}/lib'
libexecdir='${exec_prefix}/libexec'
localedir='${datarootdir}/locale'
localstatedir='${prefix}/var'
mandir='${datarootdir}/man'
mkdir_p='/bin/mkdir -p'
oldincludedir='/usr/include'
pdfdir='${docdir}'
prefix='/usr/local'
program_transform_name='s,x,x,'
psdir='${docdir}'
sbindir='${exec_prefix}/sbin'
sharedstatedir='${prefix}/com'
sysconfdir='${prefix}/etc'
target_alias=''

## ----------- ##
## confdefs.h. ##
## ----------- ##

#define PACKAGE_NAME ""
#define PACKAGE_TARNAME ""
#define PACKAGE_VERSION ""
#define PACKAGE_STRING ""
#define PACKAGE_BUGREPORT ""
#define PACKAGE "ccusbReadout"
#define VERSION "1.0"
#define STDC_HEADERS 1
#define HAVE_SYS_TYPES_H 1
#define HAVE_SYS_STAT_H 1
#define HAVE_STDLIB_H 1
#define HAVE_STRING_H 1
#define HAVE_MEMORY_H 1
#define HAVE_STRINGS_H 1
#define HAVE_INTTYPES_H 1
#define HAVE_STDINT_H 1
#define HAVE_UNISTD_H 1
#define HAVE_DLFCN_H 1
#define STDC_HEADERS 1
#define HAVE_STDINT_H 1
#define HAVE_STRING_H 1
#define HAVE__BOOL 1
#define HAVE_STDBOOL_H 1
#define HAVE_STRERROR 1
#define HAVE_STRTOL 1
#define HAVE_STRTOUL 1
#define HAVE_HLESS_IOSTREAM 1
#define HAVE_HLESS_ISTREAM 1
#define HAVE_HLESS_OSTREAM 1
#define HAVE_HLESS_STREAMBUF 1
#define HAVE_HLESS_FSTREAM 1
#define HAVE_HLESS_IOMANIP 1
#define HAVE_HLESS_SSTREAM 1
#define HAVE_HLESS_TYPEINFO 1
#define HAVE_STD_NAMESPACE 1
#define HAVE_CPPUNIT_TEST_H 1
#define HAVE_SPECTRODAQ_MAIN 1

configure: exit 0

## ---------------------- ##
## Running config.status. ##
## ---------------------- ##

This file was extended by config.status, which was
generated by GNU Autoconf 2.61.  Invocation command line was

  CONFIG_FILES    = 
  CONFIG_HEADERS  = 
  CONFIG_LINKS    = 
  CONFIG_COMMANDS = 
  $ ./config.status config.h

on thechad

config.status:691: creating config.h
config.status:937: config.h is unchanged
